This file contains any messages produced by compilers while
running configure, to aid debugging if configure makes a mistake.

It was created by coreKit configure 0.0.1, which was
generated by GNU Autoconf 2.69.  Invocation command line was

  $ /home/atem/Documents/Uavia/uavia-embedded/hello_jenkins/coreKit/configure --prefix /home/atem/Documents/Uavia/uavia-embedded/hello_jenkins/build_x86_64-Linux4.11.9-1-ARCH/release --srcdir /home/atem/Documents/Uavia/uavia-embedded/hello_jenkins/coreKit

## --------- ##
## Platform. ##
## --------- ##

hostname = asus-rog
uname -m = x86_64
uname -r = 4.11.9-1-ARCH
uname -s = Linux
uname -v = #1 SMP PREEMPT Wed Jul 5 18:23:08 CEST 2017

/usr/bin/uname -p = unknown
/bin/uname -X     = unknown

/bin/arch              = unknown
/usr/bin/arch -k       = unknown
/usr/convex/getsysinfo = unknown
/usr/bin/hostinfo      = unknown
/bin/machine           = unknown
/usr/bin/oslevel       = unknown
/bin/universe          = unknown

PATH: /home/atem/bin
PATH: /home/atem/.local/bin
PATH: /home/atem/bin
PATH: /home/atem/.local/bin
PATH: /usr/local/sbin
PATH: /usr/local/bin
PATH: /usr/bin
PATH: /usr/lib/jvm/default/bin
PATH: /usr/bin/site_perl
PATH: /usr/bin/vendor_perl
PATH: /usr/bin/core_perl


## ----------- ##
## Core tests. ##
## ----------- ##

configure:2804: checking build system type
configure:2818: result: x86_64-unknown-linux-gnu
configure:2838: checking host system type
configure:2851: result: x86_64-unknown-linux-gnu
configure:2871: checking target system type
configure:2884: result: x86_64-unknown-linux-gnu
configure:2913: checking whether to enable debugging
configure:2954: result: info
configure:3021: checking for a BSD-compatible install
configure:3089: result: /usr/bin/install -c
configure:3100: checking whether build environment is sane
configure:3155: result: yes
configure:3306: checking for a thread-safe mkdir -p
configure:3345: result: /usr/bin/mkdir -p
configure:3352: checking for gawk
configure:3368: found /usr/bin/gawk
configure:3379: result: gawk
configure:3390: checking whether make sets $(MAKE)
configure:3412: result: yes
configure:3441: checking whether make supports nested variables
configure:3458: result: yes
configure:3595: checking whether make supports nested variables
configure:3612: result: yes
configure:3669: checking how to print strings
configure:3696: result: printf
configure:3729: checking for style of include used by make
configure:3757: result: GNU
configure:3828: checking for gcc
configure:3855: result: clang
configure:4084: checking for C compiler version
configure:4093: clang --version >&5
clang version 4.0.1 (tags/RELEASE_401/final)
Target: x86_64-unknown-linux-gnu
Thread model: posix
InstalledDir: /usr/bin
configure:4104: $? = 0
configure:4093: clang -v >&5
clang version 4.0.1 (tags/RELEASE_401/final)
Target: x86_64-unknown-linux-gnu
Thread model: posix
InstalledDir: /usr/bin
Found candidate GCC installation: /usr/bin/../lib/gcc/x86_64-pc-linux-gnu/7.1.1
Found candidate GCC installation: /usr/bin/../lib64/gcc/x86_64-pc-linux-gnu/7.1.1
Found candidate GCC installation: /usr/lib/gcc/x86_64-pc-linux-gnu/7.1.1
Found candidate GCC installation: /usr/lib64/gcc/x86_64-pc-linux-gnu/7.1.1
Selected GCC installation: /usr/bin/../lib64/gcc/x86_64-pc-linux-gnu/7.1.1
Candidate multilib: .;@m64
... rest of stderr output deleted ...
configure:4104: $? = 0
configure:4093: clang -V >&5
clang-4.0: error: argument to '-V' is missing (expected 1 value)
clang-4.0: error: no input files
configure:4104: $? = 1
configure:4093: clang -qversion >&5
clang-4.0: error: unknown argument: '-qversion'
clang-4.0: error: no input files
configure:4104: $? = 1
configure:4124: checking whether the C compiler works
configure:4146: clang  -g   conftest.c  >&5
configure:4150: $? = 0
configure:4198: result: yes
configure:4201: checking for C compiler default output file name
configure:4203: result: a.out
configure:4209: checking for suffix of executables
configure:4216: clang -o conftest  -g   conftest.c  >&5
configure:4220: $? = 0
configure:4242: result: 
configure:4264: checking whether we are cross compiling
configure:4272: clang -o conftest  -g   conftest.c  >&5
configure:4276: $? = 0
configure:4283: ./conftest
configure:4287: $? = 0
configure:4302: result: no
configure:4307: checking for suffix of object files
configure:4329: clang -c  -g  conftest.c >&5
configure:4333: $? = 0
configure:4354: result: o
configure:4358: checking whether we are using the GNU C compiler
configure:4377: clang -c  -g  conftest.c >&5
configure:4377: $? = 0
configure:4386: result: yes
configure:4395: checking whether clang accepts -g
configure:4415: clang -c -g  conftest.c >&5
configure:4415: $? = 0
configure:4456: result: yes
configure:4473: checking for clang option to accept ISO C89
configure:4536: clang  -c  -g  conftest.c >&5
configure:4536: $? = 0
configure:4549: result: none needed
configure:4574: checking whether clang understands -c and -o together
configure:4596: clang -c conftest.c -o conftest2.o
configure:4599: $? = 0
configure:4596: clang -c conftest.c -o conftest2.o
configure:4599: $? = 0
configure:4611: result: yes
configure:4630: checking dependency style of clang
configure:4741: result: gcc3
configure:4756: checking for a sed that does not truncate output
configure:4820: result: /usr/bin/sed
configure:4838: checking for grep that handles long lines and -e
configure:4896: result: /usr/bin/grep
configure:4901: checking for egrep
configure:4963: result: /usr/bin/grep -E
configure:4968: checking for fgrep
configure:5030: result: /usr/bin/grep -F
configure:5065: checking for ld used by clang
configure:5132: result: /usr/bin/ld
configure:5139: checking if the linker (/usr/bin/ld) is GNU ld
configure:5154: result: yes
configure:5166: checking for BSD- or MS-compatible name lister (nm)
configure:5220: result: /usr/bin/nm -B
configure:5350: checking the name lister (/usr/bin/nm -B) interface
configure:5357: clang -c  -g  conftest.c >&5
configure:5360: /usr/bin/nm -B "conftest.o"
configure:5363: output
0000000000000000 B some_variable
configure:5370: result: BSD nm
configure:5373: checking whether ln -s works
configure:5377: result: yes
configure:5385: checking the maximum length of command line arguments
configure:5516: result: 1572864
configure:5564: checking how to convert x86_64-unknown-linux-gnu file names to x86_64-unknown-linux-gnu format
configure:5604: result: func_convert_file_noop
configure:5611: checking how to convert x86_64-unknown-linux-gnu file names to toolchain format
configure:5631: result: func_convert_file_noop
configure:5638: checking for /usr/bin/ld option to reload object files
configure:5645: result: -r
configure:5719: checking for objdump
configure:5735: found /usr/bin/objdump
configure:5746: result: objdump
configure:5778: checking how to recognize dependent libraries
configure:5978: result: pass_all
configure:6063: checking for dlltool
configure:6093: result: no
configure:6123: checking how to associate runtime and link libraries
configure:6150: result: printf %s\n
configure:6211: checking for ar
configure:6227: found /usr/bin/ar
configure:6238: result: ar
configure:6275: checking for archiver @FILE support
configure:6292: clang -c  -g  conftest.c >&5
configure:6292: $? = 0
configure:6295: ar cru libconftest.a @conftest.lst >&5
ar: `u' modifier ignored since `D' is the default (see `U')
configure:6298: $? = 0
configure:6303: ar cru libconftest.a @conftest.lst >&5
ar: `u' modifier ignored since `D' is the default (see `U')
ar: conftest.o: No such file or directory
configure:6306: $? = 1
configure:6318: result: @
configure:6376: checking for strip
configure:6392: found /usr/bin/strip
configure:6403: result: strip
configure:6475: checking for ranlib
configure:6491: found /usr/bin/ranlib
configure:6502: result: ranlib
configure:6604: checking command to parse /usr/bin/nm -B output from clang object
configure:6757: clang -c  -g  conftest.c >&5
configure:6760: $? = 0
configure:6764: /usr/bin/nm -B conftest.o \| sed -n -e 's/^.*[ ]\([ABCDGIRSTW][ABCDGIRSTW]*\)[ ][ ]*\([_A-Za-z][_A-Za-z0-9]*\)$/\1 \2 \2/p' | sed '/ __gnu_lto/d' \> conftest.nm
configure:6767: $? = 0
configure:6833: clang -o conftest  -g   conftest.c conftstm.o >&5
configure:6836: $? = 0
configure:6874: result: ok
configure:6921: checking for sysroot
configure:6951: result: no
configure:6958: checking for a working dd
configure:6996: result: /usr/bin/dd
configure:7000: checking how to truncate binary pipes
configure:7015: result: /usr/bin/dd bs=4096 count=1
configure:7151: clang -c  -g  conftest.c >&5
configure:7154: $? = 0
configure:7344: checking for mt
configure:7374: result: no
configure:7394: checking if : is a manifest tool
configure:7400: : '-?'
configure:7408: result: no
configure:8085: checking how to run the C preprocessor
configure:8116: clang -E  conftest.c
configure:8116: $? = 0
configure:8130: clang -E  conftest.c
conftest.c:12:10: fatal error: 'ac_nonexistent.h' file not found
#include <ac_nonexistent.h>
         ^~~~~~~~~~~~~~~~~~
1 error generated.
configure:8130: $? = 1
configure: failed program was:
| /* confdefs.h */
| #define PACKAGE_NAME "coreKit"
| #define PACKAGE_TARNAME "corekit"
| #define PACKAGE_VERSION "0.0.1"
| #define PACKAGE_STRING "coreKit 0.0.1"
| #define PACKAGE_BUGREPORT "pierre.pele@uavia.eu"
| #define PACKAGE_URL "uavia.eu"
| #define NDEBUG /**/
| #define PACKAGE "corekit"
| #define VERSION "0.0.1"
| /* end confdefs.h.  */
| #include <ac_nonexistent.h>
configure:8155: result: clang -E
configure:8175: clang -E  conftest.c
configure:8175: $? = 0
configure:8189: clang -E  conftest.c
conftest.c:12:10: fatal error: 'ac_nonexistent.h' file not found
#include <ac_nonexistent.h>
         ^~~~~~~~~~~~~~~~~~
1 error generated.
configure:8189: $? = 1
configure: failed program was:
| /* confdefs.h */
| #define PACKAGE_NAME "coreKit"
| #define PACKAGE_TARNAME "corekit"
| #define PACKAGE_VERSION "0.0.1"
| #define PACKAGE_STRING "coreKit 0.0.1"
| #define PACKAGE_BUGREPORT "pierre.pele@uavia.eu"
| #define PACKAGE_URL "uavia.eu"
| #define NDEBUG /**/
| #define PACKAGE "corekit"
| #define VERSION "0.0.1"
| /* end confdefs.h.  */
| #include <ac_nonexistent.h>
configure:8218: checking for ANSI C header files
configure:8238: clang -c  -g  conftest.c >&5
configure:8238: $? = 0
configure:8311: clang -o conftest  -g   conftest.c  >&5
configure:8311: $? = 0
configure:8311: ./conftest
configure:8311: $? = 0
configure:8322: result: yes
configure:8335: checking for sys/types.h
configure:8335: clang -c  -g  conftest.c >&5
configure:8335: $? = 0
configure:8335: result: yes
configure:8335: checking for sys/stat.h
configure:8335: clang -c  -g  conftest.c >&5
configure:8335: $? = 0
configure:8335: result: yes
configure:8335: checking for stdlib.h
configure:8335: clang -c  -g  conftest.c >&5
configure:8335: $? = 0
configure:8335: result: yes
configure:8335: checking for string.h
configure:8335: clang -c  -g  conftest.c >&5
configure:8335: $? = 0
configure:8335: result: yes
configure:8335: checking for memory.h
configure:8335: clang -c  -g  conftest.c >&5
configure:8335: $? = 0
configure:8335: result: yes
configure:8335: checking for strings.h
configure:8335: clang -c  -g  conftest.c >&5
configure:8335: $? = 0
configure:8335: result: yes
configure:8335: checking for inttypes.h
configure:8335: clang -c  -g  conftest.c >&5
configure:8335: $? = 0
configure:8335: result: yes
configure:8335: checking for stdint.h
configure:8335: clang -c  -g  conftest.c >&5
configure:8335: $? = 0
configure:8335: result: yes
configure:8335: checking for unistd.h
configure:8335: clang -c  -g  conftest.c >&5
configure:8335: $? = 0
configure:8335: result: yes
configure:8349: checking for dlfcn.h
configure:8349: clang -c  -g  conftest.c >&5
configure:8349: $? = 0
configure:8349: result: yes
configure:8605: checking for objdir
configure:8620: result: .libs
configure:8884: checking if clang supports -fno-rtti -fno-exceptions
configure:8902: clang -c  -g  -fno-rtti -fno-exceptions conftest.c >&5
configure:8906: $? = 0
configure:8919: result: yes
configure:9277: checking for clang option to produce PIC
configure:9284: result: -fPIC -DPIC
configure:9292: checking if clang PIC flag -fPIC -DPIC works
configure:9310: clang -c  -g  -fPIC -DPIC -DPIC conftest.c >&5
configure:9314: $? = 0
configure:9327: result: yes
configure:9356: checking if clang static flag -static works
configure:9384: result: yes
configure:9399: checking if clang supports -c -o file.o
configure:9420: clang -c  -g  -o out/conftest2.o conftest.c >&5
configure:9424: $? = 0
configure:9446: result: yes
configure:9454: checking if clang supports -c -o file.o
configure:9501: result: yes
configure:9534: checking whether the clang linker (/usr/bin/ld -m elf_x86_64) supports shared libraries
configure:10793: result: yes
configure:10830: checking whether -lc should be explicitly linked in
configure:10838: clang -c  -g  conftest.c >&5
configure:10841: $? = 0
configure:10856: clang -shared  -fPIC -DPIC conftest.o  -v -Wl,-soname -Wl,conftest -o conftest 2\>\&1 \| /usr/bin/grep  -lc  \>/dev/null 2\>\&1
configure:10859: $? = 0
configure:10873: result: no
configure:11033: checking dynamic linker characteristics
configure:11614: clang -o conftest  -g   -Wl,-rpath -Wl,/foo conftest.c  >&5
configure:11614: $? = 0
configure:11851: result: GNU/Linux ld.so
configure:11973: checking how to hardcode library paths into programs
configure:11998: result: immediate
configure:12546: checking whether stripping libraries is possible
configure:12551: result: yes
configure:12586: checking if libtool supports shared libraries
configure:12588: result: yes
configure:12591: checking whether to build shared libraries
configure:12616: result: yes
configure:12619: checking whether to build static libraries
configure:12623: result: yes
configure:12715: checking for gcc
configure:12742: result: clang
configure:12971: checking for C compiler version
configure:12980: clang --version >&5
clang version 4.0.1 (tags/RELEASE_401/final)
Target: x86_64-unknown-linux-gnu
Thread model: posix
InstalledDir: /usr/bin
configure:12991: $? = 0
configure:12980: clang -v >&5
clang version 4.0.1 (tags/RELEASE_401/final)
Target: x86_64-unknown-linux-gnu
Thread model: posix
InstalledDir: /usr/bin
Found candidate GCC installation: /usr/bin/../lib/gcc/x86_64-pc-linux-gnu/7.1.1
Found candidate GCC installation: /usr/bin/../lib64/gcc/x86_64-pc-linux-gnu/7.1.1
Found candidate GCC installation: /usr/lib/gcc/x86_64-pc-linux-gnu/7.1.1
Found candidate GCC installation: /usr/lib64/gcc/x86_64-pc-linux-gnu/7.1.1
Selected GCC installation: /usr/bin/../lib64/gcc/x86_64-pc-linux-gnu/7.1.1
Candidate multilib: .;@m64
... rest of stderr output deleted ...
configure:12991: $? = 0
configure:12980: clang -V >&5
clang-4.0: error: argument to '-V' is missing (expected 1 value)
clang-4.0: error: no input files
configure:12991: $? = 1
configure:12980: clang -qversion >&5
clang-4.0: error: unknown argument: '-qversion'
clang-4.0: error: no input files
configure:12991: $? = 1
configure:12995: checking whether we are using the GNU C compiler
configure:13023: result: yes
configure:13032: checking whether clang accepts -g
configure:13093: result: yes
configure:13110: checking for clang option to accept ISO C89
configure:13186: result: none needed
configure:13211: checking whether clang understands -c and -o together
configure:13248: result: yes
configure:13267: checking dependency style of clang
configure:13378: result: gcc3
configure:13505: checking for C++ compiler version
configure:13514: clang++ --version >&5
clang version 4.0.1 (tags/RELEASE_401/final)
Target: x86_64-unknown-linux-gnu
Thread model: posix
InstalledDir: /usr/bin
configure:13525: $? = 0
configure:13514: clang++ -v >&5
clang version 4.0.1 (tags/RELEASE_401/final)
Target: x86_64-unknown-linux-gnu
Thread model: posix
InstalledDir: /usr/bin
Found candidate GCC installation: /usr/bin/../lib/gcc/x86_64-pc-linux-gnu/7.1.1
Found candidate GCC installation: /usr/bin/../lib64/gcc/x86_64-pc-linux-gnu/7.1.1
Found candidate GCC installation: /usr/lib/gcc/x86_64-pc-linux-gnu/7.1.1
Found candidate GCC installation: /usr/lib64/gcc/x86_64-pc-linux-gnu/7.1.1
Selected GCC installation: /usr/bin/../lib64/gcc/x86_64-pc-linux-gnu/7.1.1
Candidate multilib: .;@m64
... rest of stderr output deleted ...
configure:13525: $? = 0
configure:13514: clang++ -V >&5
clang-4.0: error: argument to '-V' is missing (expected 1 value)
clang-4.0: error: no input files
configure:13525: $? = 1
configure:13514: clang++ -qversion >&5
clang-4.0: error: unknown argument: '-qversion'
clang-4.0: error: no input files
configure:13525: $? = 1
configure:13529: checking whether we are using the GNU C++ compiler
configure:13548: clang++ -c -g2 -ggdb -g  conftest.cpp >&5
configure:13548: $? = 0
configure:13557: result: yes
configure:13566: checking whether clang++ accepts -g
configure:13586: clang++ -c -g  conftest.cpp >&5
configure:13586: $? = 0
configure:13627: result: yes
configure:13652: checking dependency style of clang++
configure:13763: result: gcc3
configure:13796: checking how to run the C++ preprocessor
configure:13823: clang++ -E  conftest.cpp
configure:13823: $? = 0
configure:13837: clang++ -E  conftest.cpp
conftest.cpp:24:10: fatal error: 'ac_nonexistent.h' file not found
#include <ac_nonexistent.h>
         ^~~~~~~~~~~~~~~~~~
1 error generated.
configure:13837: $? = 1
configure: failed program was:
| /* confdefs.h */
| #define PACKAGE_NAME "coreKit"
| #define PACKAGE_TARNAME "corekit"
| #define PACKAGE_VERSION "0.0.1"
| #define PACKAGE_STRING "coreKit 0.0.1"
| #define PACKAGE_BUGREPORT "pierre.pele@uavia.eu"
| #define PACKAGE_URL "uavia.eu"
| #define NDEBUG /**/
| #define PACKAGE "corekit"
| #define VERSION "0.0.1"
| #define STDC_HEADERS 1
| #define HAVE_SYS_TYPES_H 1
| #define HAVE_SYS_STAT_H 1
| #define HAVE_STDLIB_H 1
| #define HAVE_STRING_H 1
| #define HAVE_MEMORY_H 1
| #define HAVE_STRINGS_H 1
| #define HAVE_INTTYPES_H 1
| #define HAVE_STDINT_H 1
| #define HAVE_UNISTD_H 1
| #define HAVE_DLFCN_H 1
| #define LT_OBJDIR ".libs/"
| /* end confdefs.h.  */
| #include <ac_nonexistent.h>
configure:13862: result: clang++ -E
configure:13882: clang++ -E  conftest.cpp
configure:13882: $? = 0
configure:13896: clang++ -E  conftest.cpp
conftest.cpp:24:10: fatal error: 'ac_nonexistent.h' file not found
#include <ac_nonexistent.h>
         ^~~~~~~~~~~~~~~~~~
1 error generated.
configure:13896: $? = 1
configure: failed program was:
| /* confdefs.h */
| #define PACKAGE_NAME "coreKit"
| #define PACKAGE_TARNAME "corekit"
| #define PACKAGE_VERSION "0.0.1"
| #define PACKAGE_STRING "coreKit 0.0.1"
| #define PACKAGE_BUGREPORT "pierre.pele@uavia.eu"
| #define PACKAGE_URL "uavia.eu"
| #define NDEBUG /**/
| #define PACKAGE "corekit"
| #define VERSION "0.0.1"
| #define STDC_HEADERS 1
| #define HAVE_SYS_TYPES_H 1
| #define HAVE_SYS_STAT_H 1
| #define HAVE_STDLIB_H 1
| #define HAVE_STRING_H 1
| #define HAVE_MEMORY_H 1
| #define HAVE_STRINGS_H 1
| #define HAVE_INTTYPES_H 1
| #define HAVE_STDINT_H 1
| #define HAVE_UNISTD_H 1
| #define HAVE_DLFCN_H 1
| #define LT_OBJDIR ".libs/"
| /* end confdefs.h.  */
| #include <ac_nonexistent.h>
configure:14058: checking for ld used by clang++
configure:14125: result: /usr/bin/ld -m elf_x86_64
configure:14132: checking if the linker (/usr/bin/ld -m elf_x86_64) is GNU ld
configure:14147: result: yes
configure:14202: checking whether the clang++ linker (/usr/bin/ld -m elf_x86_64) supports shared libraries
configure:15275: result: yes
configure:15311: clang++ -c -g2 -ggdb -g  conftest.cpp >&5
configure:15314: $? = 0
configure:15795: checking for clang++ option to produce PIC
configure:15802: result: -fPIC -DPIC
configure:15810: checking if clang++ PIC flag -fPIC -DPIC works
configure:15828: clang++ -c -g2 -ggdb -g  -fPIC -DPIC -DPIC conftest.cpp >&5
configure:15832: $? = 0
configure:15845: result: yes
configure:15868: checking if clang++ static flag -static works
configure:15896: result: yes
configure:15908: checking if clang++ supports -c -o file.o
configure:15929: clang++ -c -g2 -ggdb -g  -o out/conftest2.o conftest.cpp >&5
configure:15933: $? = 0
configure:15955: result: yes
configure:15960: checking if clang++ supports -c -o file.o
configure:16007: result: yes
configure:16037: checking whether the clang++ linker (/usr/bin/ld -m elf_x86_64) supports shared libraries
configure:16077: result: yes
configure:16218: checking dynamic linker characteristics
configure:16963: result: GNU/Linux ld.so
configure:17028: checking how to hardcode library paths into programs
configure:17053: result: immediate
configure:17102: checking whether clang++ supports C++11 features by default
configure:17396: clang++ -c -g2 -ggdb -g  conftest.cpp >&5
conftest.cpp:35:2: error: "This is not a C++11 compiler"
#error "This is not a C++11 compiler"
 ^
1 error generated.
configure:17396: $? = 1
configure: failed program was:
| /* confdefs.h */
| #define PACKAGE_NAME "coreKit"
| #define PACKAGE_TARNAME "corekit"
| #define PACKAGE_VERSION "0.0.1"
| #define PACKAGE_STRING "coreKit 0.0.1"
| #define PACKAGE_BUGREPORT "pierre.pele@uavia.eu"
| #define PACKAGE_URL "uavia.eu"
| #define NDEBUG /**/
| #define PACKAGE "corekit"
| #define VERSION "0.0.1"
| #define STDC_HEADERS 1
| #define HAVE_SYS_TYPES_H 1
| #define HAVE_SYS_STAT_H 1
| #define HAVE_STDLIB_H 1
| #define HAVE_STRING_H 1
| #define HAVE_MEMORY_H 1
| #define HAVE_STRINGS_H 1
| #define HAVE_INTTYPES_H 1
| #define HAVE_STDINT_H 1
| #define HAVE_UNISTD_H 1
| #define HAVE_DLFCN_H 1
| #define LT_OBJDIR ".libs/"
| /* end confdefs.h.  */
| 
| 
| // If the compiler admits that it is not ready for C++11, why torture it?
| // Hopefully, this will speed up the test.
| 
| #ifndef __cplusplus
| 
| #error "This is not a C++ compiler"
| 
| #elif __cplusplus < 201103L
| 
| #error "This is not a C++11 compiler"
| 
| #else
| 
| namespace cxx11
| {
| 
|   namespace test_static_assert
|   {
| 
|     template <typename T>
|     struct check
|     {
|       static_assert(sizeof(int) <= sizeof(T), "not big enough");
|     };
| 
|   }
| 
|   namespace test_final_override
|   {
| 
|     struct Base
|     {
|       virtual void f() {}
|     };
| 
|     struct Derived : public Base
|     {
|       virtual void f() override {}
|     };
| 
|   }
| 
|   namespace test_double_right_angle_brackets
|   {
| 
|     template < typename T >
|     struct check {};
| 
|     typedef check<void> single_type;
|     typedef check<check<void>> double_type;
|     typedef check<check<check<void>>> triple_type;
|     typedef check<check<check<check<void>>>> quadruple_type;
| 
|   }
| 
|   namespace test_decltype
|   {
| 
|     int
|     f()
|     {
|       int a = 1;
|       decltype(a) b = 2;
|       return a + b;
|     }
| 
|   }
| 
|   namespace test_type_deduction
|   {
| 
|     template < typename T1, typename T2 >
|     struct is_same
|     {
|       static const bool value = false;
|     };
| 
|     template < typename T >
|     struct is_same<T, T>
|     {
|       static const bool value = true;
|     };
| 
|     template < typename T1, typename T2 >
|     auto
|     add(T1 a1, T2 a2) -> decltype(a1 + a2)
|     {
|       return a1 + a2;
|     }
| 
|     int
|     test(const int c, volatile int v)
|     {
|       static_assert(is_same<int, decltype(0)>::value == true, "");
|       static_assert(is_same<int, decltype(c)>::value == false, "");
|       static_assert(is_same<int, decltype(v)>::value == false, "");
|       auto ac = c;
|       auto av = v;
|       auto sumi = ac + av + 'x';
|       auto sumf = ac + av + 1.0;
|       static_assert(is_same<int, decltype(ac)>::value == true, "");
|       static_assert(is_same<int, decltype(av)>::value == true, "");
|       static_assert(is_same<int, decltype(sumi)>::value == true, "");
|       static_assert(is_same<int, decltype(sumf)>::value == false, "");
|       static_assert(is_same<int, decltype(add(c, v))>::value == true, "");
|       return (sumf > 0.0) ? sumi : add(c, v);
|     }
| 
|   }
| 
|   namespace test_noexcept
|   {
| 
|     int f() { return 0; }
|     int g() noexcept { return 0; }
| 
|     static_assert(noexcept(f()) == false, "");
|     static_assert(noexcept(g()) == true, "");
| 
|   }
| 
|   namespace test_constexpr
|   {
| 
|     template < typename CharT >
|     unsigned long constexpr
|     strlen_c_r(const CharT *const s, const unsigned long acc) noexcept
|     {
|       return *s ? strlen_c_r(s + 1, acc + 1) : acc;
|     }
| 
|     template < typename CharT >
|     unsigned long constexpr
|     strlen_c(const CharT *const s) noexcept
|     {
|       return strlen_c_r(s, 0UL);
|     }
| 
|     static_assert(strlen_c("") == 0UL, "");
|     static_assert(strlen_c("1") == 1UL, "");
|     static_assert(strlen_c("example") == 7UL, "");
|     static_assert(strlen_c("another\0example") == 7UL, "");
| 
|   }
| 
|   namespace test_rvalue_references
|   {
| 
|     template < int N >
|     struct answer
|     {
|       static constexpr int value = N;
|     };
| 
|     answer<1> f(int&)       { return answer<1>(); }
|     answer<2> f(const int&) { return answer<2>(); }
|     answer<3> f(int&&)      { return answer<3>(); }
| 
|     void
|     test()
|     {
|       int i = 0;
|       const int c = 0;
|       static_assert(decltype(f(i))::value == 1, "");
|       static_assert(decltype(f(c))::value == 2, "");
|       static_assert(decltype(f(0))::value == 3, "");
|     }
| 
|   }
| 
|   namespace test_uniform_initialization
|   {
| 
|     struct test
|     {
|       static const int zero {};
|       static const int one {1};
|     };
| 
|     static_assert(test::zero == 0, "");
|     static_assert(test::one == 1, "");
| 
|   }
| 
|   namespace test_lambdas
|   {
| 
|     void
|     test1()
|     {
|       auto lambda1 = [](){};
|       auto lambda2 = lambda1;
|       lambda1();
|       lambda2();
|     }
| 
|     int
|     test2()
|     {
|       auto a = [](int i, int j){ return i + j; }(1, 2);
|       auto b = []() -> int { return '0'; }();
|       auto c = [=](){ return a + b; }();
|       auto d = [&](){ return c; }();
|       auto e = [a, &b](int x) mutable {
|         const auto identity = [](int y){ return y; };
|         for (auto i = 0; i < a; ++i)
|           a += b--;
|         return x + identity(a + b);
|       }(0);
|       return a + b + c + d + e;
|     }
| 
|     int
|     test3()
|     {
|       const auto nullary = [](){ return 0; };
|       const auto unary = [](int x){ return x; };
|       using nullary_t = decltype(nullary);
|       using unary_t = decltype(unary);
|       const auto higher1st = [](nullary_t f){ return f(); };
|       const auto higher2nd = [unary](nullary_t f1){
|         return [unary, f1](unary_t f2){ return f2(unary(f1())); };
|       };
|       return higher1st(nullary) + higher2nd(nullary)(unary);
|     }
| 
|   }
| 
|   namespace test_variadic_templates
|   {
| 
|     template <int...>
|     struct sum;
| 
|     template <int N0, int... N1toN>
|     struct sum<N0, N1toN...>
|     {
|       static constexpr auto value = N0 + sum<N1toN...>::value;
|     };
| 
|     template <>
|     struct sum<>
|     {
|       static constexpr auto value = 0;
|     };
| 
|     static_assert(sum<>::value == 0, "");
|     static_assert(sum<1>::value == 1, "");
|     static_assert(sum<23>::value == 23, "");
|     static_assert(sum<1, 2>::value == 3, "");
|     static_assert(sum<5, 5, 11>::value == 21, "");
|     static_assert(sum<2, 3, 5, 7, 11, 13>::value == 41, "");
| 
|   }
| 
|   // http://stackoverflow.com/questions/13728184/template-aliases-and-sfinae
|   // Clang 3.1 fails with headers of libstd++ 4.8.3 when using std::function
|   // because of this.
|   namespace test_template_alias_sfinae
|   {
| 
|     struct foo {};
| 
|     template<typename T>
|     using member = typename T::member_type;
| 
|     template<typename T>
|     void func(...) {}
| 
|     template<typename T>
|     void func(member<T>*) {}
| 
|     void test();
| 
|     void test() { func<foo>(0); }
| 
|   }
| 
| }  // namespace cxx11
| 
| #endif  // __cplusplus >= 201103L
| 
| 
| 
configure:17403: result: no
configure:17412: checking whether clang++ supports C++11 features with -std=gnu++11
configure:17708: clang++ -std=gnu++11 -c -g2 -ggdb -g  conftest.cpp >&5
configure:17708: $? = 0
configure:17717: result: yes
configure:18108: checking for C compiler vendor
configure:18155: clang -c  -g  conftest.c >&5
conftest.c:31:9: error: use of undeclared identifier 'thisisanerror'
        thisisanerror;
        ^
1 error generated.
configure:18155: $? = 1
configure: failed program was:
| /* confdefs.h */
| #define PACKAGE_NAME "coreKit"
| #define PACKAGE_TARNAME "corekit"
| #define PACKAGE_VERSION "0.0.1"
| #define PACKAGE_STRING "coreKit 0.0.1"
| #define PACKAGE_BUGREPORT "pierre.pele@uavia.eu"
| #define PACKAGE_URL "uavia.eu"
| #define NDEBUG /**/
| #define PACKAGE "corekit"
| #define VERSION "0.0.1"
| #define STDC_HEADERS 1
| #define HAVE_SYS_TYPES_H 1
| #define HAVE_SYS_STAT_H 1
| #define HAVE_STDLIB_H 1
| #define HAVE_STRING_H 1
| #define HAVE_MEMORY_H 1
| #define HAVE_STRINGS_H 1
| #define HAVE_INTTYPES_H 1
| #define HAVE_STDINT_H 1
| #define HAVE_UNISTD_H 1
| #define HAVE_DLFCN_H 1
| #define LT_OBJDIR ".libs/"
| #define HAVE_CXX11 1
| /* end confdefs.h.  */
| 
| int
| main ()
| {
| 
|       #if !(defined(__ICC) || defined(__ECC) || defined(__INTEL_COMPILER))
|         thisisanerror;
|       #endif
| 
|   ;
|   return 0;
| }
configure:18155: clang -c  -g  conftest.c >&5
conftest.c:31:9: error: use of undeclared identifier 'thisisanerror'
        thisisanerror;
        ^
1 error generated.
configure:18155: $? = 1
configure: failed program was:
| /* confdefs.h */
| #define PACKAGE_NAME "coreKit"
| #define PACKAGE_TARNAME "corekit"
| #define PACKAGE_VERSION "0.0.1"
| #define PACKAGE_STRING "coreKit 0.0.1"
| #define PACKAGE_BUGREPORT "pierre.pele@uavia.eu"
| #define PACKAGE_URL "uavia.eu"
| #define NDEBUG /**/
| #define PACKAGE "corekit"
| #define VERSION "0.0.1"
| #define STDC_HEADERS 1
| #define HAVE_SYS_TYPES_H 1
| #define HAVE_SYS_STAT_H 1
| #define HAVE_STDLIB_H 1
| #define HAVE_STRING_H 1
| #define HAVE_MEMORY_H 1
| #define HAVE_STRINGS_H 1
| #define HAVE_INTTYPES_H 1
| #define HAVE_STDINT_H 1
| #define HAVE_UNISTD_H 1
| #define HAVE_DLFCN_H 1
| #define LT_OBJDIR ".libs/"
| #define HAVE_CXX11 1
| /* end confdefs.h.  */
| 
| int
| main ()
| {
| 
|       #if !(defined(__xlc__) || defined(__xlC__) || defined(__IBMC__) || defined(__IBMCPP__))
|         thisisanerror;
|       #endif
| 
|   ;
|   return 0;
| }
configure:18155: clang -c  -g  conftest.c >&5
conftest.c:31:9: error: use of undeclared identifier 'thisisanerror'
        thisisanerror;
        ^
1 error generated.
configure:18155: $? = 1
configure: failed program was:
| /* confdefs.h */
| #define PACKAGE_NAME "coreKit"
| #define PACKAGE_TARNAME "corekit"
| #define PACKAGE_VERSION "0.0.1"
| #define PACKAGE_STRING "coreKit 0.0.1"
| #define PACKAGE_BUGREPORT "pierre.pele@uavia.eu"
| #define PACKAGE_URL "uavia.eu"
| #define NDEBUG /**/
| #define PACKAGE "corekit"
| #define VERSION "0.0.1"
| #define STDC_HEADERS 1
| #define HAVE_SYS_TYPES_H 1
| #define HAVE_SYS_STAT_H 1
| #define HAVE_STDLIB_H 1
| #define HAVE_STRING_H 1
| #define HAVE_MEMORY_H 1
| #define HAVE_STRINGS_H 1
| #define HAVE_INTTYPES_H 1
| #define HAVE_STDINT_H 1
| #define HAVE_UNISTD_H 1
| #define HAVE_DLFCN_H 1
| #define LT_OBJDIR ".libs/"
| #define HAVE_CXX11 1
| /* end confdefs.h.  */
| 
| int
| main ()
| {
| 
|       #if !(defined(__PATHCC__) || defined(__PATHSCALE__))
|         thisisanerror;
|       #endif
| 
|   ;
|   return 0;
| }
configure:18155: clang -c  -g  conftest.c >&5
configure:18155: $? = 0
configure:18163: result: clang
configure:18168: checking for C compiler version
configure:18328: clang -o conftest  -g   conftest.c  >&5
configure:18328: $? = 0
configure:18328: ./conftest
configure:18328: $? = 0
configure:18337: clang -o conftest  -g   conftest.c  >&5
configure:18337: $? = 0
configure:18337: ./conftest
configure:18337: $? = 0
configure:18346: clang -o conftest  -g   conftest.c  >&5
configure:18346: $? = 0
configure:18346: ./conftest
configure:18346: $? = 0
configure:19073: result: 4.0.1
configure:19088: checking for C++ compiler vendor
configure:19135: clang++ -std=gnu++11 -c -g2 -ggdb -g  conftest.cpp >&5
conftest.cpp:31:9: error: use of undeclared identifier 'thisisanerror'
        thisisanerror;
        ^
1 error generated.
configure:19135: $? = 1
configure: failed program was:
| /* confdefs.h */
| #define PACKAGE_NAME "coreKit"
| #define PACKAGE_TARNAME "corekit"
| #define PACKAGE_VERSION "0.0.1"
| #define PACKAGE_STRING "coreKit 0.0.1"
| #define PACKAGE_BUGREPORT "pierre.pele@uavia.eu"
| #define PACKAGE_URL "uavia.eu"
| #define NDEBUG /**/
| #define PACKAGE "corekit"
| #define VERSION "0.0.1"
| #define STDC_HEADERS 1
| #define HAVE_SYS_TYPES_H 1
| #define HAVE_SYS_STAT_H 1
| #define HAVE_STDLIB_H 1
| #define HAVE_STRING_H 1
| #define HAVE_MEMORY_H 1
| #define HAVE_STRINGS_H 1
| #define HAVE_INTTYPES_H 1
| #define HAVE_STDINT_H 1
| #define HAVE_UNISTD_H 1
| #define HAVE_DLFCN_H 1
| #define LT_OBJDIR ".libs/"
| #define HAVE_CXX11 1
| /* end confdefs.h.  */
| 
| int
| main ()
| {
| 
|       #if !(defined(__ICC) || defined(__ECC) || defined(__INTEL_COMPILER))
|         thisisanerror;
|       #endif
| 
|   ;
|   return 0;
| }
configure:19135: clang++ -std=gnu++11 -c -g2 -ggdb -g  conftest.cpp >&5
conftest.cpp:31:9: error: use of undeclared identifier 'thisisanerror'
        thisisanerror;
        ^
1 error generated.
configure:19135: $? = 1
configure: failed program was:
| /* confdefs.h */
| #define PACKAGE_NAME "coreKit"
| #define PACKAGE_TARNAME "corekit"
| #define PACKAGE_VERSION "0.0.1"
| #define PACKAGE_STRING "coreKit 0.0.1"
| #define PACKAGE_BUGREPORT "pierre.pele@uavia.eu"
| #define PACKAGE_URL "uavia.eu"
| #define NDEBUG /**/
| #define PACKAGE "corekit"
| #define VERSION "0.0.1"
| #define STDC_HEADERS 1
| #define HAVE_SYS_TYPES_H 1
| #define HAVE_SYS_STAT_H 1
| #define HAVE_STDLIB_H 1
| #define HAVE_STRING_H 1
| #define HAVE_MEMORY_H 1
| #define HAVE_STRINGS_H 1
| #define HAVE_INTTYPES_H 1
| #define HAVE_STDINT_H 1
| #define HAVE_UNISTD_H 1
| #define HAVE_DLFCN_H 1
| #define LT_OBJDIR ".libs/"
| #define HAVE_CXX11 1
| /* end confdefs.h.  */
| 
| int
| main ()
| {
| 
|       #if !(defined(__xlc__) || defined(__xlC__) || defined(__IBMC__) || defined(__IBMCPP__))
|         thisisanerror;
|       #endif
| 
|   ;
|   return 0;
| }
configure:19135: clang++ -std=gnu++11 -c -g2 -ggdb -g  conftest.cpp >&5
conftest.cpp:31:9: error: use of undeclared identifier 'thisisanerror'
        thisisanerror;
        ^
1 error generated.
configure:19135: $? = 1
configure: failed program was:
| /* confdefs.h */
| #define PACKAGE_NAME "coreKit"
| #define PACKAGE_TARNAME "corekit"
| #define PACKAGE_VERSION "0.0.1"
| #define PACKAGE_STRING "coreKit 0.0.1"
| #define PACKAGE_BUGREPORT "pierre.pele@uavia.eu"
| #define PACKAGE_URL "uavia.eu"
| #define NDEBUG /**/
| #define PACKAGE "corekit"
| #define VERSION "0.0.1"
| #define STDC_HEADERS 1
| #define HAVE_SYS_TYPES_H 1
| #define HAVE_SYS_STAT_H 1
| #define HAVE_STDLIB_H 1
| #define HAVE_STRING_H 1
| #define HAVE_MEMORY_H 1
| #define HAVE_STRINGS_H 1
| #define HAVE_INTTYPES_H 1
| #define HAVE_STDINT_H 1
| #define HAVE_UNISTD_H 1
| #define HAVE_DLFCN_H 1
| #define LT_OBJDIR ".libs/"
| #define HAVE_CXX11 1
| /* end confdefs.h.  */
| 
| int
| main ()
| {
| 
|       #if !(defined(__PATHCC__) || defined(__PATHSCALE__))
|         thisisanerror;
|       #endif
| 
|   ;
|   return 0;
| }
configure:19135: clang++ -std=gnu++11 -c -g2 -ggdb -g  conftest.cpp >&5
configure:19135: $? = 0
configure:19143: result: clang
configure:19148: checking for C++ compiler version
configure:19308: clang++ -std=gnu++11 -o conftest -g2 -ggdb -g   conftest.cpp  >&5
configure:19308: $? = 0
configure:19308: ./conftest
configure:19308: $? = 0
configure:19317: clang++ -std=gnu++11 -o conftest -g2 -ggdb -g   conftest.cpp  >&5
configure:19317: $? = 0
configure:19317: ./conftest
configure:19317: $? = 0
configure:19326: clang++ -std=gnu++11 -o conftest -g2 -ggdb -g   conftest.cpp  >&5
configure:19326: $? = 0
configure:19326: ./conftest
configure:19326: $? = 0
configure:20053: result: 4.0.1
configure:20069: checking CFLAGS for maximum warnings
configure:20089: clang -c  -g -warn all  -warn all  conftest.c >&5
clang-4.0: error: unknown argument: '-warn'
clang-4.0: error: unknown argument: '-warn'
clang-4.0: error: no such file or directory: 'all'
clang-4.0: error: no such file or directory: 'all'
configure:20089: $? = 1
configure: failed program was:
| /* confdefs.h */
| #define PACKAGE_NAME "coreKit"
| #define PACKAGE_TARNAME "corekit"
| #define PACKAGE_VERSION "0.0.1"
| #define PACKAGE_STRING "coreKit 0.0.1"
| #define PACKAGE_BUGREPORT "pierre.pele@uavia.eu"
| #define PACKAGE_URL "uavia.eu"
| #define NDEBUG /**/
| #define PACKAGE "corekit"
| #define VERSION "0.0.1"
| #define STDC_HEADERS 1
| #define HAVE_SYS_TYPES_H 1
| #define HAVE_SYS_STAT_H 1
| #define HAVE_STDLIB_H 1
| #define HAVE_STRING_H 1
| #define HAVE_MEMORY_H 1
| #define HAVE_STRINGS_H 1
| #define HAVE_INTTYPES_H 1
| #define HAVE_STDINT_H 1
| #define HAVE_UNISTD_H 1
| #define HAVE_DLFCN_H 1
| #define LT_OBJDIR ".libs/"
| #define HAVE_CXX11 1
| /* end confdefs.h.  */
| 
| int
| main ()
| {
| 
|   ;
|   return 0;
| }
configure:20089: clang -c  -g -pedantic  -Wall  conftest.c >&5
configure:20089: $? = 0
configure:20097: result: -Wall
configure:20117: : CFLAGS="$CFLAGS"
configure:20120: $? = 0
configure:20151: checking CXXFLAGS for maximum warnings
configure:20171: clang++ -std=gnu++11 -c -g2 -ggdb -g -warn all  -warn all  conftest.cpp >&5
clang-4.0: error: unknown argument: '-warn'
clang-4.0: error: unknown argument: '-warn'
clang-4.0: error: no such file or directory: 'all'
clang-4.0: error: no such file or directory: 'all'
configure:20171: $? = 1
configure: failed program was:
| /* confdefs.h */
| #define PACKAGE_NAME "coreKit"
| #define PACKAGE_TARNAME "corekit"
| #define PACKAGE_VERSION "0.0.1"
| #define PACKAGE_STRING "coreKit 0.0.1"
| #define PACKAGE_BUGREPORT "pierre.pele@uavia.eu"
| #define PACKAGE_URL "uavia.eu"
| #define NDEBUG /**/
| #define PACKAGE "corekit"
| #define VERSION "0.0.1"
| #define STDC_HEADERS 1
| #define HAVE_SYS_TYPES_H 1
| #define HAVE_SYS_STAT_H 1
| #define HAVE_STDLIB_H 1
| #define HAVE_STRING_H 1
| #define HAVE_MEMORY_H 1
| #define HAVE_STRINGS_H 1
| #define HAVE_INTTYPES_H 1
| #define HAVE_STDINT_H 1
| #define HAVE_UNISTD_H 1
| #define HAVE_DLFCN_H 1
| #define LT_OBJDIR ".libs/"
| #define HAVE_CXX11 1
| /* end confdefs.h.  */
| 
| int
| main ()
| {
| 
|   ;
|   return 0;
| }
configure:20171: clang++ -std=gnu++11 -c -g2 -ggdb -g -pedantic  -Wall  conftest.cpp >&5
configure:20171: $? = 0
configure:20179: result: -Wall
configure:20199: : CXXFLAGS="$CXXFLAGS"
configure:20202: $? = 0
configure:20230: checking if $CC accepts -Wextra
configure:20247: clang++ -std=gnu++11 -c -g2 -ggdb -g -Wall  conftest.cpp >&5
configure:20247: $? = 0
configure:20254: result: yes
configure:20318: checking for boostlib >= 1.64
configure:20401: clang++ -std=gnu++11 -c -g2 -ggdb -g -Wall -Wextra  -I/usr/include conftest.cpp >&5
configure:20401: $? = 0
configure:20403: result: yes
configure:20591: checking whether the Boost::ASIO library is available
configure:20622: clang++ -std=gnu++11 -c -g2 -ggdb -g -Wall -Wextra  -I/usr/include conftest.cpp >&5
configure:20622: $? = 0
configure:20636: result: yes
configure:20647: checking for main in -lboost_system
configure:20666: clang++ -std=gnu++11 -o conftest -g2 -ggdb -g -Wall -Wextra  -I/usr/include  -L/usr/lib64 conftest.cpp -lboost_system   >&5
conftest.cpp:31:1: warning: all paths through this function will call itself [-Winfinite-recursion]
{
^
1 warning generated.
configure:20666: $? = 0
configure:20676: result: yes
configure:20772: checking whether the Boost::Program_Options library is available
configure:20796: clang++ -std=gnu++11 -c -g2 -ggdb -g -Wall -Wextra  -I/usr/include conftest.cpp >&5
configure:20796: $? = 0
configure:20810: result: yes
configure:20821: checking for exit in -lboost_program_options
configure:20846: clang++ -std=gnu++11 -o conftest -g2 -ggdb -g -Wall -Wextra  -I/usr/include  -L/usr/lib64 conftest.cpp -lboost_program_options   >&5
configure:20846: $? = 0
configure:20856: result: yes
configure:20999: checking whether the Boost::Thread library is available
configure:21032: clang++ -std=gnu++11 -c -pthread -g2 -ggdb -g -Wall -Wextra  -I/usr/include conftest.cpp >&5
configure:21032: $? = 0
configure:21047: result: yes
configure:21076: checking for exit in -lboost_thread
configure:21101: clang++ -std=gnu++11 -o conftest -g2 -ggdb -g -Wall -Wextra  -I/usr/include  -L/usr/lib64 conftest.cpp -lboost_thread   >&5
configure:21101: $? = 0
configure:21111: result: yes
configure:21288: checking whether the Boost::Filesystem library is available
configure:21312: clang++ -std=gnu++11 -c -g2 -ggdb -g -Wall -Wextra  -pthread -I/usr/include conftest.cpp >&5
configure:21312: $? = 0
configure:21326: result: yes
configure:21337: checking for exit in -lboost_filesystem
configure:21362: clang++ -std=gnu++11 -o conftest -g2 -ggdb -g -Wall -Wextra  -pthread -I/usr/include  -L/usr/lib64 conftest.cpp -lboost_filesystem    >&5
configure:21362: $? = 0
configure:21372: result: yes
configure:21548: checking for pkg-config
configure:21566: found /usr/bin/pkg-config
configure:21578: result: /usr/bin/pkg-config
configure:21603: checking pkg-config is at least version 0.9.0
configure:21606: result: yes
configure:21618: checking for yaml-cpp
configure:21625: $PKG_CONFIG --exists --print-errors "yaml-cpp"
configure:21628: $? = 0
configure:21642: $PKG_CONFIG --exists --print-errors "yaml-cpp"
configure:21645: $? = 0
configure:21703: result: yes
configure:21711: checking for spdlog
configure:21718: $PKG_CONFIG --exists --print-errors "spdlog"
configure:21721: $? = 0
configure:21735: $PKG_CONFIG --exists --print-errors "spdlog"
configure:21738: $? = 0
configure:21796: result: yes
configure:21883: checking for cxxabi.h
configure:21900: clang++ -std=gnu++11 -o conftest -g2 -ggdb -g -Wall -Wextra   conftest.cpp  >&5
configure:21900: $? = 0
configure:21907: result: yes
configure:21911: checking for _Unwind_GetIP
configure:21928: clang++ -std=gnu++11 -o conftest -g2 -ggdb -g -Wall -Wextra   conftest.cpp  >&5
configure:21928: $? = 0
configure:21933: result: yes
configure:21937: checking for execinfo.h
configure:21954: clang++ -std=gnu++11 -o conftest -g2 -ggdb -g -Wall -Wextra   conftest.cpp  >&5
conftest.cpp:37:15: warning: null passed to a callee that requires a non-null argument [-Wnonnull]
backtrace(0, 0);
          ~   ^
1 warning generated.
configure:21954: $? = 0
configure:21961: result: yes
configure:21969: checking for dwfl_begin in -ldw
configure:21996: clang++ -std=gnu++11 -o conftest -g2 -ggdb -g -Wall -Wextra   conftest.cpp -ldw   >&5
conftest.cpp:39:13: warning: null passed to a callee that requires a non-null argument [-Wnonnull]
dwfl_begin(0);
           ~^
1 warning generated.
configure:21996: $? = 0
configure:22034: result: yes
configure:22052: checking for bfd_init in -lbfd
configure:22077: clang++ -std=gnu++11 -o conftest -g2 -ggdb -g -Wall -Wextra   conftest.cpp -lbfd   >&5
configure:22077: $? = 0
configure:22113: result: yes
configure:22225: checking for backtrace
configure:22254: result: backward-cpp dw unwind
configure:22519: checking that generated files are newer than configure
configure:22525: result: done
configure:22568: creating ./config.status

## ---------------------- ##
## Running config.status. ##
## ---------------------- ##

This file was extended by coreKit config.status 0.0.1, which was
generated by GNU Autoconf 2.69.  Invocation command line was

  CONFIG_FILES    = 
  CONFIG_HEADERS  = 
  CONFIG_LINKS    = 
  CONFIG_COMMANDS = 
  $ ./config.status 

on asus-rog

config.status:1226: creating Makefile
config.status:1226: creating src/Makefile
config.status:1226: creating src/coreKit/Makefile
config.status:1226: creating src/coreKit/App/Makefile
config.status:1226: creating src/coreKit/Config/Makefile
config.status:1226: creating src/coreKit/Log/Makefile
config.status:1226: creating src/coreKit/Network/Makefile
config.status:1226: creating src/coreKit/Service/Makefile
config.status:1226: creating src/coreKit/Stream/Makefile
config.status:1226: creating src/coreKit/Utils/Makefile
config.status:1226: creating src/coreKit/Version/Makefile
config.status:1226: creating tests/Makefile
config.status:1226: creating samples/Makefile
config.status:1226: creating samples/app/Makefile
config.status:1226: creating samples/config/Makefile
config.status:1226: creating samples/log/Makefile
config.status:1226: creating samples/service/Makefile
config.status:1226: creating samples/stacktrace/Makefile
config.status:1226: creating samples/stream/Makefile
config.status:1226: creating samples/yaml/Makefile
config.status:1226: creating src/coreKit_Version.cpp
config.status:1226: creating coreKit.pc
config.status:1226: creating coreKit_config.h
config.status:1440: executing depfiles commands
config.status:1440: executing libtool commands

## ---------------- ##
## Cache variables. ##
## ---------------- ##

ac_cv_build=x86_64-unknown-linux-gnu
ac_cv_c_Wextra=yes
ac_cv_c_compiler_gnu=yes
ac_cv_cflags_warn_all=-Wall
ac_cv_cxx_compiler_gnu=yes
ac_cv_cxxflags_warn_all=-Wall
ac_cv_env_CCC_set=
ac_cv_env_CCC_value=
ac_cv_env_CC_set=set
ac_cv_env_CC_value=clang
ac_cv_env_CFLAGS_set=
ac_cv_env_CFLAGS_value=
ac_cv_env_CPPFLAGS_set=
ac_cv_env_CPPFLAGS_value=
ac_cv_env_CPP_set=
ac_cv_env_CPP_value=
ac_cv_env_CXXCPP_set=
ac_cv_env_CXXCPP_value=
ac_cv_env_CXXFLAGS_set=set
ac_cv_env_CXXFLAGS_value='-g2 -ggdb'
ac_cv_env_CXX_set=set
ac_cv_env_CXX_value=clang++
ac_cv_env_LDFLAGS_set=
ac_cv_env_LDFLAGS_value=
ac_cv_env_LIBS_set=
ac_cv_env_LIBS_value=
ac_cv_env_LT_SYS_LIBRARY_PATH_set=
ac_cv_env_LT_SYS_LIBRARY_PATH_value=
ac_cv_env_PKG_CONFIG_LIBDIR_set=
ac_cv_env_PKG_CONFIG_LIBDIR_value=
ac_cv_env_PKG_CONFIG_PATH_set=set
ac_cv_env_PKG_CONFIG_PATH_value=/home/atem/Documents/Uavia/uavia-embedded/hello_jenkins/build_x86_64-Linux4.11.9-1-ARCH/release/lib/pkgconfig:/home/atem/Documents/Uavia/uavia-embedded//build_x86_64-Linux4.11.9-1-ARCH/release/lib/pkgconfig
ac_cv_env_PKG_CONFIG_set=
ac_cv_env_PKG_CONFIG_value=
ac_cv_env_SPDLOG_CFLAGS_set=
ac_cv_env_SPDLOG_CFLAGS_value=
ac_cv_env_SPDLOG_LIBS_set=
ac_cv_env_SPDLOG_LIBS_value=
ac_cv_env_YAML_CFLAGS_set=
ac_cv_env_YAML_CFLAGS_value=
ac_cv_env_YAML_LIBS_set=
ac_cv_env_YAML_LIBS_value=
ac_cv_env_build_alias_set=
ac_cv_env_build_alias_value=
ac_cv_env_host_alias_set=
ac_cv_env_host_alias_value=
ac_cv_env_target_alias_set=
ac_cv_env_target_alias_value=
ac_cv_header_dlfcn_h=yes
ac_cv_header_inttypes_h=yes
ac_cv_header_memory_h=yes
ac_cv_header_stdc=yes
ac_cv_header_stdint_h=yes
ac_cv_header_stdlib_h=yes
ac_cv_header_string_h=yes
ac_cv_header_strings_h=yes
ac_cv_header_sys_stat_h=yes
ac_cv_header_sys_types_h=yes
ac_cv_header_unistd_h=yes
ac_cv_host=x86_64-unknown-linux-gnu
ac_cv_lib_bfd_bfd_init=yes
ac_cv_lib_boost_filesystem___exit=yes
ac_cv_lib_boost_program_options___exit=yes
ac_cv_lib_boost_system___main=yes
ac_cv_lib_boost_thread___exit=yes
ac_cv_lib_dw_dwfl_begin=yes
ac_cv_objext=o
ac_cv_path_EGREP='/usr/bin/grep -E'
ac_cv_path_FGREP='/usr/bin/grep -F'
ac_cv_path_GREP=/usr/bin/grep
ac_cv_path_SED=/usr/bin/sed
ac_cv_path_ac_pt_PKG_CONFIG=/usr/bin/pkg-config
ac_cv_path_install='/usr/bin/install -c'
ac_cv_path_lt_DD=/usr/bin/dd
ac_cv_path_mkdir=/usr/bin/mkdir
ac_cv_prog_AWK=gawk
ac_cv_prog_CPP='clang -E'
ac_cv_prog_CXXCPP='clang++ -E'
ac_cv_prog_ac_ct_AR=ar
ac_cv_prog_ac_ct_CC=clang
ac_cv_prog_ac_ct_OBJDUMP=objdump
ac_cv_prog_ac_ct_RANLIB=ranlib
ac_cv_prog_ac_ct_STRIP=strip
ac_cv_prog_cc_c89=
ac_cv_prog_cc_g=yes
ac_cv_prog_cxx_g=yes
ac_cv_prog_make_make_set=yes
ac_cv_target=x86_64-unknown-linux-gnu
am_cv_CC_dependencies_compiler_type=gcc3
am_cv_CXX_dependencies_compiler_type=gcc3
am_cv_make_support_nested_variables=yes
am_cv_prog_cc_c_o=yes
ax_cv_boost_asio=yes
ax_cv_boost_filesystem=yes
ax_cv_boost_program_options=yes
ax_cv_boost_thread=yes
ax_cv_c_compiler_vendor=clang
ax_cv_c_compiler_version=4.0.1
ax_cv_cxx_compile_cxx11=no
ax_cv_cxx_compile_cxx11__std_gnupp11=yes
ax_cv_cxx_compiler_vendor=clang
ax_cv_cxx_compiler_version=4.0.1
lt_cv_ar_at_file=@
lt_cv_archive_cmds_need_lc=no
lt_cv_deplibs_check_method=pass_all
lt_cv_file_magic_cmd='$MAGIC_CMD'
lt_cv_file_magic_test_file=
lt_cv_ld_reload_flag=-r
lt_cv_nm_interface='BSD nm'
lt_cv_objdir=.libs
lt_cv_path_LD=/usr/bin/ld
lt_cv_path_LDCXX='/usr/bin/ld -m elf_x86_64'
lt_cv_path_NM='/usr/bin/nm -B'
lt_cv_path_mainfest_tool=no
lt_cv_prog_compiler_c_o=yes
lt_cv_prog_compiler_c_o_CXX=yes
lt_cv_prog_compiler_pic='-fPIC -DPIC'
lt_cv_prog_compiler_pic_CXX='-fPIC -DPIC'
lt_cv_prog_compiler_pic_works=yes
lt_cv_prog_compiler_pic_works_CXX=yes
lt_cv_prog_compiler_rtti_exceptions=yes
lt_cv_prog_compiler_static_works=yes
lt_cv_prog_compiler_static_works_CXX=yes
lt_cv_prog_gnu_ld=yes
lt_cv_prog_gnu_ldcxx=yes
lt_cv_sharedlib_from_linklib_cmd='printf %s\n'
lt_cv_shlibpath_overrides_runpath=no
lt_cv_sys_global_symbol_pipe='sed -n -e '\''s/^.*[	 ]\([ABCDGIRSTW][ABCDGIRSTW]*\)[	 ][	 ]*\([_A-Za-z][_A-Za-z0-9]*\)$/\1 \2 \2/p'\'' | sed '\''/ __gnu_lto/d'\'''
lt_cv_sys_global_symbol_to_c_name_address='sed -n -e '\''s/^: \(.*\) .*$/  {"\1", (void *) 0},/p'\'' -e '\''s/^[ABCDGIRSTW][ABCDGIRSTW]* .* \(.*\)$/  {"\1", (void *) \&\1},/p'\'''
lt_cv_sys_global_symbol_to_c_name_address_lib_prefix='sed -n -e '\''s/^: \(.*\) .*$/  {"\1", (void *) 0},/p'\'' -e '\''s/^[ABCDGIRSTW][ABCDGIRSTW]* .* \(lib.*\)$/  {"\1", (void *) \&\1},/p'\'' -e '\''s/^[ABCDGIRSTW][ABCDGIRSTW]* .* \(.*\)$/  {"lib\1", (void *) \&\1},/p'\'''
lt_cv_sys_global_symbol_to_cdecl='sed -n -e '\''s/^T .* \(.*\)$/extern int \1();/p'\'' -e '\''s/^[ABCDGIRSTW][ABCDGIRSTW]* .* \(.*\)$/extern char \1;/p'\'''
lt_cv_sys_global_symbol_to_import=
lt_cv_sys_max_cmd_len=1572864
lt_cv_to_host_file_cmd=func_convert_file_noop
lt_cv_to_tool_file_cmd=func_convert_file_noop
lt_cv_truncate_bin='/usr/bin/dd bs=4096 count=1'
pkg_cv_SPDLOG_CFLAGS=-I/home/atem/Documents/Uavia/uavia-embedded/build_x86_64-Linux4.11.9-1-ARCH/release/include
pkg_cv_SPDLOG_LIBS=
pkg_cv_YAML_CFLAGS=
pkg_cv_YAML_LIBS=-lyaml-cpp

## ----------------- ##
## Output variables. ##
## ----------------- ##

ACLOCAL='${SHELL} /home/atem/Documents/Uavia/uavia-embedded/hello_jenkins/coreKit/missing aclocal-1.15'
AMDEPBACKSLASH='\'
AMDEP_FALSE='#'
AMDEP_TRUE=''
AMTAR='$${TAR-tar}'
AM_BACKSLASH='\'
AM_DEFAULT_V='$(AM_DEFAULT_VERBOSITY)'
AM_DEFAULT_VERBOSITY='0'
AM_V='$(V)'
AR='ar'
AUTOCONF='${SHELL} /home/atem/Documents/Uavia/uavia-embedded/hello_jenkins/coreKit/missing autoconf'
AUTOHEADER='${SHELL} /home/atem/Documents/Uavia/uavia-embedded/hello_jenkins/coreKit/missing autoheader'
AUTOMAKE='${SHELL} /home/atem/Documents/Uavia/uavia-embedded/hello_jenkins/coreKit/missing automake-1.15'
AWK='gawk'
BACKTRACE_CPPFLAGS='-I$(top_srcdir)/third-party/backward-cpp'
BACKTRACE_LDFLAGS=''
BACKTRACE_LIB='-ldw'
BFD_LDFLAGS=''
BFD_LIB='-lbfd'
BFD_PATH=''
BOOST_ASIO_LIB='-lboost_system'
BOOST_CPPFLAGS='-pthread -I/usr/include'
BOOST_FILESYSTEM_LIB='-lboost_filesystem'
BOOST_LDFLAGS='-L/usr/lib64'
BOOST_PROGRAM_OPTIONS_LIB='-lboost_program_options'
BOOST_THREAD_LIB='-lboost_thread -lpthread'
CC='clang'
CCDEPMODE='depmode=gcc3'
CFLAGS=' -g -Wall -Wextra'
COREKIT_BANNERFILE='/home/atem/Documents/Uavia/uavia-embedded/hello_jenkins/build_x86_64-Linux4.11.9-1-ARCH/release/etc/coreKit/banner.txt'
CPP='clang -E'
CPPFLAGS=' -I${top_srcdir}/src -pthread -I/usr/include -I/home/atem/Documents/Uavia/uavia-embedded/build_x86_64-Linux4.11.9-1-ARCH/release/include'
CXX='clang++ -std=gnu++11'
CXXCPP='clang++ -E -std=gnu++11'
CXXDEPMODE='depmode=gcc3'
CXXFLAGS='-g2 -ggdb -g -Wall -Wextra '
CYGPATH_W='echo'
DEFS='-DHAVE_CONFIG_H'
DEPDIR='.deps'
DLLTOOL='false'
DL_LDFLAGS=''
DL_LIB=''
DL_PATH=''
DSYMUTIL=''
DUMPBIN=''
DW_LDFLAGS=''
DW_LIB='-ldw'
DW_PATH=''
ECHO_C=''
ECHO_N='-n'
ECHO_T=''
EGREP='/usr/bin/grep -E'
EXEEXT=''
FGREP='/usr/bin/grep -F'
GREP='/usr/bin/grep'
HAS_SAMPLES_FALSE='#'
HAS_SAMPLES_TRUE=''
HAS_STACKTRACE_SUPPORT_FALSE='#'
HAS_STACKTRACE_SUPPORT_TRUE=''
HAS_TESTS_FALSE='#'
HAS_TESTS_TRUE=''
HAVE_CXX11='1'
INSTALL_DATA='${INSTALL} -m 644'
INSTALL_PROGRAM='${INSTALL}'
INSTALL_SCRIPT='${INSTALL}'
INSTALL_STRIP_PROGRAM='$(install_sh) -c -s'
LD='/usr/bin/ld -m elf_x86_64'
LDFLAGS=' -L/usr/lib64'
LIBOBJS=''
LIBS=''
LIBTOOL='$(SHELL) $(top_builddir)/libtool'
LIPO=''
LN_S='ln -s'
LTLIBOBJS=''
LT_SYS_LIBRARY_PATH=''
MAKEINFO='${SHELL} /home/atem/Documents/Uavia/uavia-embedded/hello_jenkins/coreKit/missing makeinfo'
MANIFEST_TOOL=':'
MKDIR_P='/usr/bin/mkdir -p'
NM='/usr/bin/nm -B'
NMEDIT=''
OBJDUMP='objdump'
OBJEXT='o'
OTOOL64=''
OTOOL=''
PACKAGE='corekit'
PACKAGE_BUGREPORT='pierre.pele@uavia.eu'
PACKAGE_NAME='coreKit'
PACKAGE_STRING='coreKit 0.0.1'
PACKAGE_TARNAME='corekit'
PACKAGE_URL='uavia.eu'
PACKAGE_VERSION='0.0.1'
PATH_SEPARATOR=':'
PKG_CONFIG='/usr/bin/pkg-config'
PKG_CONFIG_LIBDIR=''
PKG_CONFIG_PATH='/home/atem/Documents/Uavia/uavia-embedded/hello_jenkins/build_x86_64-Linux4.11.9-1-ARCH/release/lib/pkgconfig:/home/atem/Documents/Uavia/uavia-embedded//build_x86_64-Linux4.11.9-1-ARCH/release/lib/pkgconfig'
RANLIB='ranlib'
SED='/usr/bin/sed'
SET_MAKE=''
SHELL='/bin/sh'
SPDLOG_CFLAGS='-I/home/atem/Documents/Uavia/uavia-embedded/build_x86_64-Linux4.11.9-1-ARCH/release/include'
SPDLOG_LIBS=''
STRIP='strip'
VERSION='0.0.1'
YAML_CFLAGS=''
YAML_LIBS='-lyaml-cpp'
ac_ct_AR='ar'
ac_ct_CC='clang'
ac_ct_CXX=''
ac_ct_DUMPBIN=''
am__EXEEXT_FALSE=''
am__EXEEXT_TRUE='#'
am__fastdepCC_FALSE='#'
am__fastdepCC_TRUE=''
am__fastdepCXX_FALSE='#'
am__fastdepCXX_TRUE=''
am__include='include'
am__isrc=' -I$(srcdir)'
am__leading_dot='.'
am__nodep='_no'
am__quote=''
am__tar='$${TAR-tar} chof - "$$tardir"'
am__untar='$${TAR-tar} xf -'
ax_cv_c_compiler_vendor='clang'
ax_cv_c_compiler_version='4.0.1'
ax_cv_cxx_compiler_vendor='clang'
ax_cv_cxx_compiler_version='4.0.1'
bindir='${exec_prefix}/bin'
build='x86_64-unknown-linux-gnu'
build_alias=''
build_cpu='x86_64'
build_os='linux-gnu'
build_vendor='unknown'
datadir='${datarootdir}'
datarootdir='${prefix}/share'
docdir='${datarootdir}/doc/${PACKAGE_TARNAME}'
dvidir='${docdir}'
exec_prefix='${prefix}'
host='x86_64-unknown-linux-gnu'
host_alias=''
host_cpu='x86_64'
host_os='linux-gnu'
host_vendor='unknown'
htmldir='${docdir}'
includedir='${prefix}/include'
infodir='${datarootdir}/info'
install_sh='${SHELL} /home/atem/Documents/Uavia/uavia-embedded/hello_jenkins/coreKit/install-sh'
libdir='${exec_prefix}/lib'
libexecdir='${exec_prefix}/libexec'
localedir='${datarootdir}/locale'
localstatedir='${prefix}/var'
mandir='${datarootdir}/man'
mkdir_p='$(MKDIR_P)'
oldincludedir='/usr/include'
pdfdir='${docdir}'
prefix='/home/atem/Documents/Uavia/uavia-embedded/hello_jenkins/build_x86_64-Linux4.11.9-1-ARCH/release'
program_transform_name='s,x,x,'
psdir='${docdir}'
sbindir='${exec_prefix}/sbin'
sharedstatedir='${prefix}/com'
sysconfdir='${prefix}/etc'
target='x86_64-unknown-linux-gnu'
target_alias=''
target_cpu='x86_64'
target_os='linux-gnu'
target_vendor='unknown'
version_major='0'
version_minor='0'
version_release='dev'
version_revision='1'

## ----------- ##
## confdefs.h. ##
## ----------- ##

/* confdefs.h */
#define PACKAGE_NAME "coreKit"
#define PACKAGE_TARNAME "corekit"
#define PACKAGE_VERSION "0.0.1"
#define PACKAGE_STRING "coreKit 0.0.1"
#define PACKAGE_BUGREPORT "pierre.pele@uavia.eu"
#define PACKAGE_URL "uavia.eu"
#define NDEBUG /**/
#define PACKAGE "corekit"
#define VERSION "0.0.1"
#define STDC_HEADERS 1
#define HAVE_SYS_TYPES_H 1
#define HAVE_SYS_STAT_H 1
#define HAVE_STDLIB_H 1
#define HAVE_STRING_H 1
#define HAVE_MEMORY_H 1
#define HAVE_STRINGS_H 1
#define HAVE_INTTYPES_H 1
#define HAVE_STDINT_H 1
#define HAVE_UNISTD_H 1
#define HAVE_DLFCN_H 1
#define LT_OBJDIR ".libs/"
#define HAVE_CXX11 1
#define HAVE_BOOST /**/
#define HAVE_BOOST_ASIO /**/
#define HAVE_BOOST_PROGRAM_OPTIONS /**/
#define HAVE_BOOST_THREAD /**/
#define HAVE_BOOST_FILESYSTEM /**/
#define BACKWARD_HAS_UNWIND 1
#define BACKWARD_HAS_DW 1
#define BACKWARD_SYSTEM_LINUX 1
#define BACKTRACE_USE_BACKWARD 1
#define COREKIT_BANNERFILE "/home/atem/Documents/Uavia/uavia-embedded/hello_jenkins/build_x86_64-Linux4.11.9-1-ARCH/release/etc/coreKit/banner.txt"

configure: exit 0
